2016-11-08 09:15:25,467 [INFO] get_new_concepts: Number of pos_words: 3663 ; neg_words: 30747
2016-11-08 09:15:25,467 [ERROR] get_new_concepts: Time to execute add_concepts.get_new_concepts(): 0:00:00.009433
2016-11-08 09:15:28,640 [INFO] get_relevant_moodtags: [('surprising', 0.0), ('joyful', 0.0), ('admirable', 0.0), ('interesting', 0.0)]
2016-11-08 09:15:28,640 [ERROR] get_relevant_moodtags: Time to execute add_concepts.get_relevant_moodtags(brevet): 0:00:03.172011
2016-11-08 09:25:05,409 [INFO] get_semantics: [('document', 0.8113682788557783), ('promotes', 0.7156143066211965), ('advanced', 0.7156143066211965), ('raise', 0.7156143066211965), ('raising', 0.7156143066211965)]
2016-11-08 09:25:05,440 [ERROR] get_semantics: Time to execute add_concepts.get_semantics(brevet): 0:00:00.000034
2016-11-08 09:25:05,442 [INFO] get_relevant_moodtags: [('surprising', 0.0), ('joyful', 0.0), ('admirable', 0.0), ('interesting', 0.0)]
2016-11-08 09:25:05,442 [ERROR] get_relevant_moodtags: Time to execute add_concepts.get_relevant_moodtags(isotropically): 0:00:00.001232
2016-11-08 09:25:54,549 [INFO] get_semantics: [('jawbone', 0.0), ('enjoy challenge', 0.0), ('codings', 0.0), ('gahanna', 0.0), ('fundic', 0.0)]
2016-11-08 09:25:54,549 [ERROR] get_semantics: Time to execute add_concepts.get_semantics(isotropically): 0:00:00.000009
2016-11-08 09:25:54,551 [INFO] get_relevant_moodtags: [('surprising', 0.0), ('joyful', 0.0), ('admirable', 0.0), ('interesting', 0.0)]
2016-11-08 09:25:54,551 [ERROR] get_relevant_moodtags: Time to execute add_concepts.get_relevant_moodtags(plenary): 0:00:00.001270
2016-11-08 09:26:49,213 [INFO] get_semantics: [('jawbone', 0.0), ('enjoy challenge', 0.0), ('codings', 0.0), ('gahanna', 0.0), ('fundic', 0.0)]
2016-11-08 09:26:49,213 [ERROR] get_semantics: Time to execute add_concepts.get_semantics(plenary): 0:00:00.000011
2016-11-08 09:26:49,215 [INFO] get_relevant_moodtags: [('surprising', 0.0), ('joyful', 0.0), ('admirable', 0.0), ('interesting', 0.0)]
2016-11-08 09:26:49,215 [ERROR] get_relevant_moodtags: Time to execute add_concepts.get_relevant_moodtags(unadvisedly): 0:00:00.001262
2016-11-08 09:27:37,414 [INFO] get_semantics: [('jawbone', 0.0), ('enjoy challenge', 0.0), ('codings', 0.0), ('gahanna', 0.0), ('fundic', 0.0)]
2016-11-08 09:27:37,414 [ERROR] get_semantics: Time to execute add_concepts.get_semantics(unadvisedly): 0:00:00.000011
2016-11-08 09:27:37,420 [INFO] get_relevant_moodtags: [('surprising', 0.39273745842907115), ('joyful', 0.0), ('admirable', 0.0), ('interesting', 0.0)]
2016-11-08 09:27:37,420 [ERROR] get_relevant_moodtags: Time to execute add_concepts.get_relevant_moodtags(signalize): 0:00:00.006081
2016-11-08 09:32:16,676 [INFO] get_semantics: [('distinguish', 0.9963341221150145), ('distinguishes', 0.9963341221150145), ('distinguished', 0.9963341221150145), ('sign', 0.874053287886007), ('signal', 0.874053287886007)]
2016-11-08 09:32:16,757 [ERROR] get_semantics: Time to execute add_concepts.get_semantics(signalize): 0:00:00.000057
2016-11-08 09:32:17,322 [INFO] get_relevant_moodtags: [('scared', 0.2984857090096987), ('disgusting', 0.20008095420436167), ('sad', 0.0), ('angry', 0.0)]
2016-11-08 09:32:17,322 [ERROR] get_relevant_moodtags: Time to execute add_concepts.get_relevant_moodtags(homomorphism): 0:00:00.564085
2016-11-08 09:40:11,307 [INFO] get_semantics: [('similitude', 0.6642921619711775), ('uniformness', 0.6642921619711775), ('approximation', 0.6642921619711775), ('parallelism', 0.6642921619711775), ('alikeness', 0.6642921619711775)]
2016-11-08 09:40:11,399 [ERROR] get_semantics: Time to execute add_concepts.get_semantics(homomorphism): 0:00:00.000051
2016-11-08 09:40:11,404 [INFO] get_relevant_moodtags: [('disgusting', 0.04075214430861386), ('scared', 0.04075214430861386), ('sad', 0.0), ('angry', 0.0)]
2016-11-08 09:40:11,404 [ERROR] get_relevant_moodtags: Time to execute add_concepts.get_relevant_moodtags(mustachio): 0:00:00.003872
2016-11-08 09:41:37,270 [INFO] get_semantics: [('moustache', 0.818528699209736), ('mustache', 0.818528699209736), ('sideburn', 0.5486761953357622), ('beard', 0.5486761953357622), ('hair', 0.5486761953357622)]
2016-11-08 09:41:37,271 [ERROR] get_semantics: Time to execute add_concepts.get_semantics(mustachio): 0:00:00.000011
2016-11-08 09:41:37,286 [INFO] get_relevant_moodtags: [('disgusting', 0.09058259687161137), ('scared', 0.09058259687161137), ('sad', 0.0), ('angry', 0.0)]
2016-11-08 09:41:37,287 [ERROR] get_relevant_moodtags: Time to execute add_concepts.get_relevant_moodtags(poplar): 0:00:00.015814
2016-11-08 09:44:01,669 [INFO] get_semantics: [('wood', 0.8175091595800918), ('holly', 0.6702527832201584), ('myrtle', 0.6702527832201584), ('pecan', 0.6693198898711566), ('hardwood', 0.6693198898711566)]
2016-11-08 09:44:01,669 [ERROR] get_semantics: Time to execute add_concepts.get_semantics(poplar): 0:00:00.000018
2016-11-08 09:44:01,804 [INFO] get_relevant_moodtags: [('sad', 0.0), ('angry', 0.0), ('disgusting', 0.0), ('scared', 0.0)]
2016-11-08 09:44:01,804 [ERROR] get_relevant_moodtags: Time to execute add_concepts.get_relevant_moodtags(long wave): 0:00:00.134882
2016-11-08 10:04:12,541 [INFO] get_semantics: [('long tail', 0.62726731615535114), ('long trip', 0.62726731615535114), ('long tooth', 0.62726731615535114), ('wave goodbye', 0.61859490316265398), ('long beard', 0.6108588461941743)]
2016-11-08 10:04:12,611 [ERROR] get_semantics: Time to execute add_concepts.get_semantics(long wave): 0:00:00.000155
2016-11-08 10:04:12,740 [INFO] get_relevant_moodtags: [('sad', 0.0), ('angry', 0.0), ('disgusting', 0.0), ('scared', 0.0)]
2016-11-08 10:04:12,740 [ERROR] get_relevant_moodtags: Time to execute add_concepts.get_relevant_moodtags(desert paintbrush): 0:00:00.048616
2016-11-08 10:09:56,020 [INFO] get_semantics: [('desert land', 0.62726731615535114), ('desert', 0.60104076400856532), ('desert rheumatism', 0.46893398282201776), ('movie theater seat', 0.45478659159473045), ('get back', 0.44054273316762688)]
2016-11-08 10:09:56,021 [ERROR] get_semantics: Time to execute add_concepts.get_semantics(desert paintbrush): 0:00:00.000014
2016-11-08 10:09:56,021 [ERROR] main: Time to execute add_concepts.main(): 0:54:30.563456
2016-11-08 10:09:56,021 [ERROR] <module>: Time to execute add_concepts.py: 0:54:30.564104
