2016-11-08 09:15:25,467 [ERROR] {get_new_concepts:120}: Time to execute add_concepts.get_new_concepts(): 0:00:00.009433
2016-11-08 09:15:28,640 [ERROR] {get_relevant_moodtags:224}: Time to execute add_concepts.get_relevant_moodtags(brevet): 0:00:03.172011
2016-11-08 09:25:05,440 [ERROR] {get_semantics:286}: Time to execute add_concepts.get_semantics(brevet): 0:00:00.000034
2016-11-08 09:25:05,442 [ERROR] {get_relevant_moodtags:224}: Time to execute add_concepts.get_relevant_moodtags(isotropically): 0:00:00.001232
2016-11-08 09:25:54,549 [ERROR] {get_semantics:286}: Time to execute add_concepts.get_semantics(isotropically): 0:00:00.000009
2016-11-08 09:25:54,551 [ERROR] {get_relevant_moodtags:224}: Time to execute add_concepts.get_relevant_moodtags(plenary): 0:00:00.001270
2016-11-08 09:26:49,213 [ERROR] {get_semantics:286}: Time to execute add_concepts.get_semantics(plenary): 0:00:00.000011
2016-11-08 09:26:49,215 [ERROR] {get_relevant_moodtags:224}: Time to execute add_concepts.get_relevant_moodtags(unadvisedly): 0:00:00.001262
2016-11-08 09:27:37,414 [ERROR] {get_semantics:286}: Time to execute add_concepts.get_semantics(unadvisedly): 0:00:00.000011
2016-11-08 09:27:37,420 [ERROR] {get_relevant_moodtags:224}: Time to execute add_concepts.get_relevant_moodtags(signalize): 0:00:00.006081
2016-11-08 09:32:16,757 [ERROR] {get_semantics:286}: Time to execute add_concepts.get_semantics(signalize): 0:00:00.000057
2016-11-08 09:32:17,322 [ERROR] {get_relevant_moodtags:224}: Time to execute add_concepts.get_relevant_moodtags(homomorphism): 0:00:00.564085
2016-11-08 09:40:11,399 [ERROR] {get_semantics:286}: Time to execute add_concepts.get_semantics(homomorphism): 0:00:00.000051
2016-11-08 09:40:11,404 [ERROR] {get_relevant_moodtags:224}: Time to execute add_concepts.get_relevant_moodtags(mustachio): 0:00:00.003872
2016-11-08 09:41:37,271 [ERROR] {get_semantics:286}: Time to execute add_concepts.get_semantics(mustachio): 0:00:00.000011
2016-11-08 09:41:37,287 [ERROR] {get_relevant_moodtags:224}: Time to execute add_concepts.get_relevant_moodtags(poplar): 0:00:00.015814
2016-11-08 09:44:01,669 [ERROR] {get_semantics:286}: Time to execute add_concepts.get_semantics(poplar): 0:00:00.000018
2016-11-08 09:44:01,804 [ERROR] {get_relevant_moodtags:224}: Time to execute add_concepts.get_relevant_moodtags(long wave): 0:00:00.134882
2016-11-08 10:04:12,611 [ERROR] {get_semantics:286}: Time to execute add_concepts.get_semantics(long wave): 0:00:00.000155
2016-11-08 10:04:12,740 [ERROR] {get_relevant_moodtags:224}: Time to execute add_concepts.get_relevant_moodtags(desert paintbrush): 0:00:00.048616
2016-11-08 10:09:56,021 [ERROR] {get_semantics:286}: Time to execute add_concepts.get_semantics(desert paintbrush): 0:00:00.000014
2016-11-08 10:09:56,021 [ERROR] {main:350}: Time to execute add_concepts.main(): 0:54:30.563456
2016-11-08 10:09:56,021 [ERROR] {<module>:382}: Time to execute add_concepts.py: 0:54:30.564104
